\BOOKMARK [0][-]{dummy.1}{\376\377\000D\000e\000c\000l\000a\000r\000a\000t\000i\000o\000n\000\040\000o\000f\000\040\000A\000u\000t\000h\000o\000r\000s\000h\000i\000p}{}% 1
\BOOKMARK [0][-]{dummy.2}{\376\377\000A\000b\000s\000t\000r\000a\000c\000t}{}% 2
\BOOKMARK [0][-]{dummy.3}{\376\377\000A\000c\000k\000n\000o\000w\000l\000e\000d\000g\000e\000m\000e\000n\000t\000s}{}% 3
\BOOKMARK [0][-]{dummy.5}{\376\377\000L\000i\000s\000t\000\040\000o\000f\000\040\000F\000i\000g\000u\000r\000e\000s}{}% 4
\BOOKMARK [0][-]{dummy.7}{\376\377\000L\000i\000s\000t\000\040\000o\000f\000\040\000T\000a\000b\000l\000e\000s}{}% 5
\BOOKMARK [0][-]{dummy.9}{\376\377\000A\000b\000b\000r\000e\000v\000i\000a\000t\000i\000o\000n\000s}{}% 6
\BOOKMARK [0][-]{dummy.12}{\376\377\000P\000h\000y\000s\000i\000c\000a\000l\000\040\000C\000o\000n\000s\000t\000a\000n\000t\000s}{}% 7
\BOOKMARK [0][-]{dummy.15}{\376\377\000S\000y\000m\000b\000o\000l\000s}{}% 8
\BOOKMARK [0][-]{chapter.18}{\376\377\0001\000\040\000I\000n\000t\000r\000o\000d\000u\000c\000t\000i\000o\000n}{}% 9
\BOOKMARK [1][-]{section.19}{\376\377\0001\000.\0001\000\040\000A\000i\000m\000\040\000o\000f\000\040\000t\000h\000e\000\040\000s\000t\000u\000d\000y}{chapter.18}% 10
\BOOKMARK [1][-]{section.20}{\376\377\0001\000.\0002\000\040\000I\000n\000i\000t\000i\000a\000l\000\040\000G\000o\000a\000l\000s}{chapter.18}% 11
\BOOKMARK [0][-]{chapter.21}{\376\377\0002\000\040\000B\000a\000c\000k\000g\000r\000o\000u\000n\000d\000\040\000T\000h\000e\000o\000r\000y}{}% 12
\BOOKMARK [1][-]{section.22}{\376\377\0002\000.\0001\000\040\000D\000a\000t\000a\000\040\000s\000c\000i\000e\000n\000c\000e}{chapter.21}% 13
\BOOKMARK [1][-]{section.25}{\376\377\0002\000.\0002\000\040\000A\000q\000u\000a\000c\000u\000l\000t\000u\000r\000e\000\040\000i\000n\000\040\000N\000o\000r\000w\000a\000y}{chapter.21}% 14
\BOOKMARK [1][-]{section.26}{\376\377\0002\000.\0003\000\040\000M\000a\000c\000h\000i\000n\000e\000\040\000l\000e\000a\000r\000n\000i\000n\000g}{chapter.21}% 15
\BOOKMARK [2][-]{subsection.27}{\376\377\0002\000.\0003\000.\0001\000\040\000T\000i\000m\000e\000\040\000S\000e\000r\000i\000e\000s\000\040\000a\000n\000a\000l\000y\000s\000i\000s\000\040\000a\000n\000d\000\040\000p\000r\000e\000d\000i\000c\000t\000i\000o\000n\000s}{section.26}% 16
\BOOKMARK [1][-]{section.28}{\376\377\0002\000.\0004\000\040\000P\000y\000t\000h\000o\000n}{chapter.21}% 17
\BOOKMARK [0][-]{chapter.29}{\376\377\0003\000\040\000D\000e\000v\000e\000l\000o\000p\000m\000e\000n\000t\000\040\000M\000e\000t\000h\000o\000d}{}% 18
\BOOKMARK [1][-]{section.30}{\376\377\0003\000.\0001\000\040\000D\000e\000v\000e\000l\000o\000p\000m\000e\000n\000t\000\040\000F\000l\000o\000w}{chapter.29}% 19
\BOOKMARK [1][-]{section.32}{\376\377\0003\000.\0002\000\040\000G\000i\000t\000h\000u\000b\000\040\000U\000s\000a\000g\000e}{chapter.29}% 20
\BOOKMARK [0][-]{chapter.33}{\376\377\0004\000\040\000I\000m\000p\000l\000e\000m\000e\000n\000t\000a\000t\000i\000o\000n}{}% 21
\BOOKMARK [1][-]{subsection.34}{\376\377\0004\000.\0000\000.\0001\000\040\000I\000m\000p\000l\000e\000m\000e\000n\000t\000e\000d\000\040\000S\000y\000s\000t\000e\000m\000s\000\040\000r\000e\000p\000o\000s\000i\000t\000o\000r\000i\000e\000s}{chapter.33}% 22
\BOOKMARK [-1][]{part.45}{\376\377\000I\000\040\000D\000a\000t\000a\000\040\000c\000o\000l\000l\000e\000c\000t\000i\000o\000n\000\040\000a\000n\000d\000\040\000v\000a\000l\000i\000d\000a\000t\000i\000o\000n}{}% 23
\BOOKMARK [0][-]{section.46}{\376\377\0004\000.\0001\000\040\000D\000a\000t\000a\000\040\000c\000o\000l\000l\000e\000c\000t\000i\000o\000n}{part.45}% 24
\BOOKMARK [1][-]{subsection.47}{\376\377\0004\000.\0001\000.\0001\000\040\000D\000a\000t\000a\000\040\000s\000o\000u\000r\000c\000e\000s}{section.46}% 25
\BOOKMARK [2][-]{subsection.48}{\376\377\0004\000.\0001\000.\0002\000\040\000D\000a\000t\000a\000\040\000d\000e\000s\000c\000r\000i\000p\000t\000i\000o\000n\000\040\000a\000n\000d\000\040\000v\000a\000l\000i\000d\000a\000t\000i\000o\000n}{subsection.47}% 26
\BOOKMARK [1][-]{section.49}{\376\377\0004\000.\0002\000\040\000I\000n\000c\000r\000e\000a\000s\000e\000\040\000a\000c\000c\000e\000s\000s\000i\000b\000i\000l\000i\000t\000y\000\040\000a\000n\000d\000\040\000a\000v\000a\000i\000l\000a\000b\000i\000l\000i\000t\000y\000\040\000o\000f\000\040\000d\000a\000t\000a}{section.46}% 27
\BOOKMARK [-1][]{part.50}{\376\377\000I\000I\000\040\000D\000a\000t\000a\000\040\000A\000n\000a\000l\000y\000s\000i\000s\000\040\000a\000n\000d\000\040\000D\000i\000s\000l\000a\000y\000i\000n\000g}{}% 28
\BOOKMARK [0][-]{section.51}{\376\377\0004\000.\0003\000\040\000A\000n\000a\000l\000y\000s\000i\000s\000\040\000o\000f\000\040\000t\000h\000e\000\040\000d\000a\000t\000a}{part.50}% 29
\BOOKMARK [1][-]{subsection.52}{\376\377\0004\000.\0003\000.\0001\000\040\000S\000i\000n\000g\000l\000e\000\040\000I\000n\000p\000u\000t\000\040\000A\000n\000a\000l\000y\000z\000e\000r}{section.51}% 30
\BOOKMARK [2][-]{subsubsection.53}{\376\377\0004\000.\0003\000.\0001\000.\0001\000\040\000S\000I\000A\000:\000\040\000R\000e\000q\000u\000i\000r\000e\000m\000e\000n\000t\000s\000\040\000f\000o\000r\000\040\000r\000e\000u\000s\000a\000b\000i\000l\000i\000t\000y}{subsection.52}% 31
\BOOKMARK [3][-]{subsubsection.54}{\376\377\0004\000.\0003\000.\0001\000.\0002\000\040\000S\000I\000A\000\040\000s\000e\000c\000t\000i\000o\000n\000\040\000I\000:\000\040\000T\000o\000t\000a\000l\000\040\000g\000r\000a\000p\000h\000i\000c\000\040\000f\000o\000r\000\040\000a\000l\000l\000\040\000t\000h\000e\000\040\000y\000e\000a\000r\000s}{subsubsection.53}% 32
\BOOKMARK [3][-]{subsubsection.56}{\376\377\0004\000.\0003\000.\0001\000.\0003\000\040\000S\000I\000A\000\040\000s\000e\000c\000t\000i\000o\000n\000\040\000I\000I\000:\000\040\000S\000i\000n\000g\000l\000e\000\040\000g\000r\000a\000p\000h\000i\000c\000s\000\040\000f\000o\000r\000\040\000e\000a\000c\000h\000\040\000y\000e\000a\000r}{subsubsection.53}% 33
\BOOKMARK [3][-]{subsubsection.58}{\376\377\0004\000.\0003\000.\0001\000.\0004\000\040\000S\000I\000A\000\040\000s\000e\000c\000t\000i\000o\000n\000\040\000I\000I\000I\000:\000\040\000C\000o\000r\000r\000e\000l\000a\000t\000i\000o\000n\000\040\000m\000a\000t\000r\000i\000x\000\040\000b\000e\000t\000w\000e\000e\000n\000\040\000y\000e\000a\000r\000s}{subsubsection.53}% 34
\BOOKMARK [3][-]{subsubsection.60}{\376\377\0004\000.\0003\000.\0001\000.\0005\000\040\000S\000I\000A\000\040\000s\000e\000c\000t\000i\000o\000n\000\040\000I\000V\000:\000\040\000C\000o\000r\000r\000e\000l\000a\000t\000i\000o\000n\000\040\000m\000a\000t\000r\000i\000x\000\040\000b\000e\000t\000w\000e\000e\000n\000\040\000m\000o\000n\000t\000h\000s}{subsubsection.53}% 35
\BOOKMARK [3][-]{subsubsection.62}{\376\377\0004\000.\0003\000.\0001\000.\0006\000\040\000S\000I\000A\000\040\000s\000e\000c\000t\000i\000o\000n\000\040\000V\000:\000\040\000S\000i\000n\000g\000l\000e\000\040\000o\000v\000e\000r\000v\000i\000e\000w}{subsubsection.53}% 36
\BOOKMARK [2][-]{subsection.64}{\376\377\0004\000.\0003\000.\0002\000\040\000M\000u\000l\000t\000i\000p\000l\000e\000\040\000I\000n\000p\000u\000t\000s\000\040\000A\000n\000a\000l\000y\000z\000e\000r}{subsection.52}% 37
\BOOKMARK [3][-]{subsubsection.65}{\376\377\0004\000.\0003\000.\0002\000.\0001\000\040\000M\000I\000A\000:\000\040\000R\000e\000q\000u\000i\000r\000e\000m\000e\000n\000t\000s\000\040\000f\000o\000r\000\040\000r\000e\000u\000s\000a\000b\000i\000l\000i\000t\000y}{subsection.64}% 38
\BOOKMARK [3][-]{subsubsection.66}{\376\377\0004\000.\0003\000.\0002\000.\0002\000\040\000M\000I\000A\000:\000\040\000I\000m\000p\000l\000e\000m\000e\000n\000t\000a\000t\000i\000o\000n}{subsection.64}% 39
\BOOKMARK [1][-]{section.69}{\376\377\0004\000.\0004\000\040\000E\000x\000t\000r\000a\000c\000t\000\040\000i\000n\000f\000o\000r\000m\000a\000t\000i\000o\000n\000\040\000f\000r\000o\000m\000\040\000d\000a\000t\000a}{section.51}% 40
\BOOKMARK [-1][]{part.70}{\376\377\000I\000I\000I\000\040\000D\000a\000t\000a\000\040\000P\000r\000e\000d\000i\000c\000t\000i\000o\000n}{}% 41
\BOOKMARK [0][-]{section.71}{\376\377\0004\000.\0005\000\040\000P\000r\000e\000d\000i\000c\000t\000i\000o\000n\000\040\000o\000f\000\040\000v\000a\000l\000u\000e\000s\000\040\000a\000b\000o\000u\000t\000\040\000t\000h\000e\000\040\000d\000a\000t\000a}{part.70}% 42
\BOOKMARK [1][-]{subsection.75}{\376\377\0004\000.\0005\000.\0001\000\040\000E\000v\000a\000l\000u\000a\000t\000i\000n\000g\000\040\000S\000y\000s\000t\000e\000m}{section.71}% 43
\BOOKMARK [2][-]{subsection.81}{\376\377\0004\000.\0005\000.\0002\000\040\000T\000r\000a\000i\000n\000i\000n\000g\000\040\000S\000y\000s\000t\000e\000m}{subsection.75}% 44
\BOOKMARK [2][-]{subsection.96}{\376\377\0004\000.\0005\000.\0003\000\040\000F\000u\000t\000u\000r\000e\000\040\000P\000r\000e\000d\000i\000c\000t\000i\000o\000n\000\040\000S\000y\000s\000t\000e\000m}{subsection.75}% 45
\BOOKMARK [1][-]{section.118}{\376\377\0004\000.\0006\000\040\000R\000e\000q\000u\000i\000r\000e\000m\000e\000n\000t\000s\000\040\000f\000o\000r\000\040\000r\000e\000u\000s\000a\000b\000i\000l\000i\000t\000y}{section.71}% 46
\BOOKMARK [-1][]{part.119}{\376\377\000I\000V\000\040\000F\000u\000t\000u\000r\000e\000\040\000W\000o\000r\000k\000s}{}% 47
\BOOKMARK [0][-]{section.120}{\376\377\0004\000.\0007\000\040\000V\000i\000s\000u\000a\000l\000i\000z\000a\000t\000i\000o\000n\000\040\000o\000f\000\040\000t\000h\000e\000\040\000d\000a\000t\000a}{part.119}% 48
\BOOKMARK [1][-]{section.121}{\376\377\0004\000.\0008\000\040\000P\000r\000e\000d\000i\000c\000t\000i\000o\000n\000\040\000s\000y\000s\000t\000e\000m\000\040\000a\000s\000\040\000a\000\040\000s\000e\000r\000v\000i\000c\000e}{section.120}% 49
\BOOKMARK [0][-]{chapter.122}{\376\377\0005\000\040\000R\000e\000s\000u\000l\000t\000s}{part.119}% 50
\BOOKMARK [0][-]{chapter.123}{\376\377\0006\000\040\000D\000i\000s\000c\000u\000s\000s\000i\000o\000n}{part.119}% 51
\BOOKMARK [0][-]{chapter.124}{\376\377\0007\000\040\000C\000o\000n\000c\000l\000u\000s\000i\000o\000n}{part.119}% 52
\BOOKMARK [0][-]{chapter.125}{\376\377\0008\000\040\000B\000i\000b\000l\000i\000o\000g\000r\000a\000p\000h\000y}{part.119}% 53
\BOOKMARK [0][-]{appendix.126}{\376\377\000A\000\040\000S\000I\000A\000\040\000I\000m\000p\000l\000e\000m\000e\000n\000t\000a\000t\000i\000o\000n\000\040\000c\000o\000d\000e}{part.119}% 54
\BOOKMARK [1][-]{section.127}{\376\377\000A\000.\0001\000\040\000S\000I\000A\000:\000\040\000I\000m\000p\000o\000r\000t\000e\000d\000\040\000l\000i\000b\000r\000a\000r\000i\000e\000s}{appendix.126}% 55
\BOOKMARK [1][-]{section.144}{\376\377\000A\000.\0002\000\040\000S\000I\000A\000\040\000s\000e\000c\000t\000i\000o\000n\000\040\000I\000:\000\040\000T\000o\000t\000a\000l\000\040\000g\000r\000a\000p\000h\000i\000c\000\040\000f\000o\000r\000\040\000a\000l\000l\000\040\000t\000h\000e\000\040\000y\000e\000a\000r\000s}{appendix.126}% 56
\BOOKMARK [1][-]{section.167}{\376\377\000A\000.\0003\000\040\000S\000I\000A\000\040\000s\000e\000c\000t\000i\000o\000n\000\040\000I\000I\000:\000\040\000S\000i\000n\000g\000l\000e\000\040\000g\000r\000a\000p\000h\000i\000c\000s\000\040\000f\000o\000r\000\040\000e\000a\000c\000h\000\040\000y\000e\000a\000r}{appendix.126}% 57
\BOOKMARK [1][-]{section.198}{\376\377\000A\000.\0004\000\040\000S\000I\000A\000\040\000s\000e\000c\000t\000i\000o\000n\000\040\000I\000I\000I\000:\000\040\000C\000o\000r\000r\000e\000l\000a\000t\000i\000o\000n\000\040\000m\000a\000t\000r\000i\000x\000\040\000b\000e\000t\000w\000e\000e\000n\000\040\000y\000e\000a\000r\000s}{appendix.126}% 58
\BOOKMARK [1][-]{section.238}{\376\377\000A\000.\0005\000\040\000S\000I\000A\000\040\000s\000e\000c\000t\000i\000o\000n\000\040\000I\000V\000:\000\040\000C\000o\000r\000r\000e\000l\000a\000t\000i\000o\000n\000\040\000m\000a\000t\000r\000i\000x\000\040\000b\000e\000t\000w\000e\000e\000n\000\040\000m\000o\000n\000t\000h\000s}{appendix.126}% 59
\BOOKMARK [1][-]{section.265}{\376\377\000A\000.\0006\000\040\000S\000I\000A\000\040\000s\000e\000c\000t\000i\000o\000n\000\040\000V\000:\000\040\000S\000i\000n\000g\000l\000e\000\040\000o\000v\000e\000r\000v\000i\000e\000w}{appendix.126}% 60
\BOOKMARK [0][-]{appendix.298}{\376\377\000B\000\040\000M\000I\000A\000\040\000I\000m\000p\000l\000e\000m\000e\000n\000t\000a\000t\000i\000o\000n\000\040\000c\000o\000d\000e}{part.119}% 61
\BOOKMARK [1][-]{section.299}{\376\377\000B\000.\0001\000\040\000M\000I\000A\000:\000\040\000I\000m\000p\000o\000r\000t\000e\000d\000\040\000l\000i\000b\000r\000a\000r\000i\000e\000s}{appendix.298}% 62
\BOOKMARK [1][-]{section.306}{\376\377\000B\000.\0002\000\040\000M\000I\000A\000:\000\040\000I\000m\000p\000l\000e\000m\000e\000n\000t\000a\000t\000i\000o\000n}{appendix.298}% 63
\BOOKMARK [0][-]{appendix.339}{\376\377\000C\000\040\000P\000r\000e\000d\000i\000c\000t\000i\000o\000n\000\040\000S\000y\000s\000t\000e\000m\000\040\000I\000m\000p\000l\000e\000m\000e\000n\000t\000a\000t\000i\000o\000n\000\040\000c\000o\000d\000e}{part.119}% 64
\BOOKMARK [1][-]{section.340}{\376\377\000C\000.\0001\000\040\000E\000v\000a\000l\000u\000a\000t\000i\000n\000g\000\040\000S\000y\000s\000t\000e\000m}{appendix.339}% 65
\BOOKMARK [1][-]{section.341}{\376\377\000C\000.\0002\000\040\000T\000r\000a\000i\000n\000i\000n\000g\000\040\000S\000y\000s\000t\000e\000m}{appendix.339}% 66
\BOOKMARK [1][-]{section.342}{\376\377\000C\000.\0003\000\040\000F\000u\000t\000u\000r\000e\000\040\000P\000r\000e\000d\000i\000c\000t\000i\000o\000n\000\040\000S\000y\000s\000t\000e\000m}{appendix.339}% 67
