This is pdfTeX, Version 3.14159265-2.6-1.40.16 (TeX Live 2015/Debian) (preloaded format=latex 2017.3.3)  12 MAY 2017 15:46
entering extended mode
 restricted \write18 enabled.
 %&-line parsing enabled.
**Chapter4.tex
(./Chapter4.tex
LaTeX2e <2016/02/01>
Babel <3.9q> and hyphenation patterns for 81 language(s) loaded.
! Undefined control sequence.
l.2 \chap
         {Implementation}
The control sequence at the end of the top line
of your error message was never \def'ed. If you have
misspelled it (e.g., `\hobx'), type `I' and the correct
spelling (e.g., `I\hbox'). Otherwise just continue,
and I'll forget about whatever was undefined.


! LaTeX Error: Missing \begin{document}.

See the LaTeX manual or LaTeX Companion for explanation.
Type  H <return>  for immediate help.
 ...                                              
                                                  
l.2 \chap{I
           mplementation}
You're in trouble here.  Try typing  <return>  to proceed.
If that doesn't work, type  X <return>  to quit.

Missing character: There is no I in font nullfont!
Missing character: There is no m in font nullfont!
Missing character: There is no p in font nullfont!
Missing character: There is no l in font nullfont!
Missing character: There is no e in font nullfont!
Missing character: There is no m in font nullfont!
Missing character: There is no e in font nullfont!
Missing character: There is no n in font nullfont!
Missing character: There is no t in font nullfont!
Missing character: There is no a in font nullfont!
Missing character: There is no t in font nullfont!
Missing character: There is no i in font nullfont!
Missing character: There is no o in font nullfont!
Missing character: There is no n in font nullfont!

Overfull \hbox (20.0pt too wide) in paragraph at lines 2--3
[] 
 []

! Undefined control sequence.
l.4 \lstset
           {
The control sequence at the end of the top line
of your error message was never \def'ed. If you have
misspelled it (e.g., `\hobx'), type `I' and the correct
spelling (e.g., `I\hbox'). Otherwise just continue,
and I'll forget about whatever was undefined.


! LaTeX Error: Missing \begin{document}.

See the LaTeX manual or LaTeX Companion for explanation.
Type  H <return>  for immediate help.
 ...                                              
                                                  
l.5 l
     anguage=Python,
You're in trouble here.  Try typing  <return>  to proceed.
If that doesn't work, type  X <return>  to quit.

Missing character: There is no l in font nullfont!
Missing character: There is no a in font nullfont!
Missing character: There is no n in font nullfont!
Missing character: There is no g in font nullfont!
Missing character: There is no u in font nullfont!
Missing character: There is no a in font nullfont!
Missing character: There is no g in font nullfont!
Missing character: There is no e in font nullfont!
Missing character: There is no = in font nullfont!
Missing character: There is no P in font nullfont!
Missing character: There is no y in font nullfont!
Missing character: There is no t in font nullfont!
Missing character: There is no h in font nullfont!
Missing character: There is no o in font nullfont!
Missing character: There is no n in font nullfont!
Missing character: There is no , in font nullfont!
Missing character: There is no b in font nullfont!
Missing character: There is no a in font nullfont!
Missing character: There is no c in font nullfont!
Missing character: There is no k in font nullfont!
Missing character: There is no g in font nullfont!
Missing character: There is no r in font nullfont!
Missing character: There is no o in font nullfont!
Missing character: There is no u in font nullfont!
Missing character: There is no n in font nullfont!
Missing character: There is no d in font nullfont!
Missing character: There is no c in font nullfont!
Missing character: There is no o in font nullfont!
Missing character: There is no l in font nullfont!
Missing character: There is no o in font nullfont!
Missing character: There is no r in font nullfont!
Missing character: There is no = in font nullfont!
! Undefined control sequence.
l.6 backgroundcolor = \color
                            {Ivory},
The control sequence at the end of the top line
of your error message was never \def'ed. If you have
misspelled it (e.g., `\hobx'), type `I' and the correct
spelling (e.g., `I\hbox'). Otherwise just continue,
and I'll forget about whatever was undefined.

Missing character: There is no I in font nullfont!
Missing character: There is no v in font nullfont!
Missing character: There is no o in font nullfont!
Missing character: There is no r in font nullfont!
Missing character: There is no y in font nullfont!
Missing character: There is no , in font nullfont!
Missing character: There is no b in font nullfont!
Missing character: There is no a in font nullfont!
Missing character: There is no s in font nullfont!
Missing character: There is no i in font nullfont!
Missing character: There is no c in font nullfont!
Missing character: There is no s in font nullfont!
Missing character: There is no t in font nullfont!
Missing character: There is no y in font nullfont!
Missing character: There is no l in font nullfont!
Missing character: There is no e in font nullfont!
Missing character: There is no = in font nullfont!
! Undefined control sequence.
l.9 keywordstyle=\ttfamily\color
                                {blue!90!black},
The control sequence at the end of the top line
of your error message was never \def'ed. If you have
misspelled it (e.g., `\hobx'), type `I' and the correct
spelling (e.g., `I\hbox'). Otherwise just continue,
and I'll forget about whatever was undefined.

! Undefined control sequence.
l.12 keywordstyle={[2]\ttfamily\color
                                     {yellow!80!orange}},
The control sequence at the end of the top line
of your error message was never \def'ed. If you have
misspelled it (e.g., `\hobx'), type `I' and the correct
spelling (e.g., `I\hbox'). Otherwise just continue,
and I'll forget about whatever was undefined.

! Undefined control sequence.
l.13 keywordstyle={[3]\ttfamily\color
                                     {red!80!orange}},
The control sequence at the end of the top line
of your error message was never \def'ed. If you have
misspelled it (e.g., `\hobx'), type `I' and the correct
spelling (e.g., `I\hbox'). Otherwise just continue,
and I'll forget about whatever was undefined.

! Missing $ inserted.
<inserted text> 
                $
l.14 emph={MyClass,_
                    _init__},
I've inserted a begin-math/end-math symbol since I think
you left one out. Proceed, with fingers crossed.

LaTeX Font Info:    External font `cmex10' loaded for size
(Font)              <7> on input line 14.
LaTeX Font Info:    External font `cmex10' loaded for size
(Font)              <5> on input line 14.
! Missing { inserted.
<to be read again> 
                   _
l.14 emph={MyClass,__
                     init__},
A left brace was mandatory here, so I've put one in.
You might want to delete and/or insert some corrections
so that I will find a matching right brace soon.
(If you're confused by all this, try typing `I}' now.)

! Missing { inserted.
<to be read again> 
                   _
l.14 emph={MyClass,__init__
                           },
A left brace was mandatory here, so I've put one in.
You might want to delete and/or insert some corrections
so that I will find a matching right brace soon.
(If you're confused by all this, try typing `I}' now.)

! Missing { inserted.
<to be read again> 
                   }
l.14 emph={MyClass,__init__}
                            ,
A left brace was mandatory here, so I've put one in.
You might want to delete and/or insert some corrections
so that I will find a matching right brace soon.
(If you're confused by all this, try typing `I}' now.)


! LaTeX Error: Command \ttfamily invalid in math mode.

See the LaTeX manual or LaTeX Companion for explanation.
Type  H <return>  for immediate help.
 ...                                              
                                                  
l.15 emphstyle=\ttfamily
                        \color{red!80!black},
Please use the math alphabet \mathtt instead of the \ttfamily command. 

! Undefined control sequence.
l.15 emphstyle=\ttfamily\color
                              {red!80!black},
The control sequence at the end of the top line
of your error message was never \def'ed. If you have
misspelled it (e.g., `\hobx'), type `I' and the correct
spelling (e.g., `I\hbox'). Otherwise just continue,
and I'll forget about whatever was undefined.

! Undefined control sequence.
l.16 stringstyle=\color
                       {green!80!black},
The control sequence at the end of the top line
of your error message was never \def'ed. If you have
misspelled it (e.g., `\hobx'), type `I' and the correct
spelling (e.g., `I\hbox'). Otherwise just continue,
and I'll forget about whatever was undefined.

! Missing $ inserted.
<inserted text> 
                $
l.19 
     
I've inserted a begin-math/end-math symbol since I think
you left one out. Proceed, with fingers crossed.

! Missing } inserted.
<inserted text> 
                }
l.19 
     
I've inserted something that you may have forgotten.
(See the <inserted text> above.)
With luck, this will get me unwedged. But if you
really didn't forget anything, try typing `2' now; then
my insertion and my current dilemma will both disappear.


Overfull \hbox (20.0pt too wide) in paragraph at lines 5--19
[]
 []


Overfull \hbox (5.24995pt too wide) in paragraph at lines 5--19
\OT1/cmtt/m/n/10 ,
 []


Overfull \hbox (99.74913pt too wide) in paragraph at lines 5--19
\OT1/cmtt/m/n/10 otherkeywords=self,
 []


Overfull \hbox (141.74876pt too wide) in paragraph at lines 5--19
\OT1/cmtt/m/n/10 keywordstyle=blue!90!black,
 []


Overfull \hbox (120.74895pt too wide) in paragraph at lines 5--19
\OT1/cmtt/m/n/10 keywords=[2]True,False,
 []


Overfull \hbox (83.99927pt too wide) in paragraph at lines 5--19
\OT1/cmtt/m/n/10 keywords=[3]ttk,
 []


Overfull \hbox (173.24849pt too wide) in paragraph at lines 5--19
\OT1/cmtt/m/n/10 keywordstyle=[2]yellow!80!orange,
 []


Overfull \hbox (157.49863pt too wide) in paragraph at lines 5--19
\OT1/cmtt/m/n/10 keywordstyle=[3]red!80!orange,
 []


Overfull \hbox (333.7388pt too wide) in paragraph at lines 5--19
\OT1/cmtt/m/n/10 emph=MyClass,$[]$ 
 []

! Undefined control sequence.
l.20 \hypersetup
                {
The control sequence at the end of the top line
of your error message was never \def'ed. If you have
misspelled it (e.g., `\hobx'), type `I' and the correct
spelling (e.g., `I\hbox'). Otherwise just continue,
and I'll forget about whatever was undefined.


! LaTeX Error: Missing \begin{document}.

See the LaTeX manual or LaTeX Companion for explanation.
Type  H <return>  for immediate help.
 ...                                              
                                                  
l.21     c
          olorlinks=true,
You're in trouble here.  Try typing  <return>  to proceed.
If that doesn't work, type  X <return>  to quit.


Overfull \hbox (103.99927pt too wide) in paragraph at lines 21--26
[]\OT1/cmtt/m/n/10 colorlinks=true,
 []


Overfull \hbox (78.74931pt too wide) in paragraph at lines 21--26
\OT1/cmtt/m/n/10 linkcolor=blue,
 []


Overfull \hbox (94.49918pt too wide) in paragraph at lines 21--26
\OT1/cmtt/m/n/10 filecolor=magenta,
 []


Overfull \hbox (73.49936pt too wide) in paragraph at lines 21--26
\OT1/cmtt/m/n/10 urlcolor=blue,
 []

! Undefined control sequence.
l.27 \subsection
                {Implemented Systems repositories}
The control sequence at the end of the top line
of your error message was never \def'ed. If you have
misspelled it (e.g., `\hobx'), type `I' and the correct
spelling (e.g., `I\hbox'). Otherwise just continue,
and I'll forget about whatever was undefined.


! LaTeX Error: Missing \begin{document}.

See the LaTeX manual or LaTeX Companion for explanation.
Type  H <return>  for immediate help.
 ...                                              
                                                  
l.27 \subsection{I
                  mplemented Systems repositories}
You're in trouble here.  Try typing  <return>  to proceed.
If that doesn't work, type  X <return>  to quit.


Overfull \hbox (77.7495pt too wide) in paragraph at lines 27--29
[]\OT1/cmtt/m/n/10 Implemented
 []


Overfull \hbox (36.74968pt too wide) in paragraph at lines 27--29
\OT1/cmtt/m/n/10 Systems
 []


Overfull \hbox (62.99945pt too wide) in paragraph at lines 27--29
\OT1/cmtt/m/n/10 repositories
 []


Overfull \hbox (15.74986pt too wide) in paragraph at lines 27--29
\OT1/cmtt/m/n/10 You
 []


Overfull \hbox (15.74986pt too wide) in paragraph at lines 27--29
\OT1/cmtt/m/n/10 can
 []


Overfull \hbox (31.49973pt too wide) in paragraph at lines 27--29
\OT1/cmtt/m/n/10 easily
 []


Overfull \hbox (41.99963pt too wide) in paragraph at lines 27--29
\OT1/cmtt/m/n/10 download
 []


Overfull \hbox (10.49991pt too wide) in paragraph at lines 27--29
\OT1/cmtt/m/n/10 my
 []


Overfull \hbox (36.74968pt too wide) in paragraph at lines 27--29
\OT1/cmtt/m/n/10 already
 []


Overfull \hbox (57.7495pt too wide) in paragraph at lines 27--29
\OT1/cmtt/m/n/10 implemented
 []


Overfull \hbox (31.49973pt too wide) in paragraph at lines 27--29
\OT1/cmtt/m/n/10 system
 []


Overfull \hbox (15.74986pt too wide) in paragraph at lines 27--29
\OT1/cmtt/m/n/10 for
 []


Overfull \hbox (20.99982pt too wide) in paragraph at lines 27--29
\OT1/cmtt/m/n/10 test
 []


Overfull \hbox (10.49991pt too wide) in paragraph at lines 27--29
\OT1/cmtt/m/n/10 it
 []


Overfull \hbox (15.74986pt too wide) in paragraph at lines 27--29
\OT1/cmtt/m/n/10 and
 []


Overfull \hbox (31.49973pt too wide) in paragraph at lines 27--29
\OT1/cmtt/m/n/10 better
 []


Overfull \hbox (52.49954pt too wide) in paragraph at lines 27--29
\OT1/cmtt/m/n/10 understand
 []


Overfull \hbox (15.74986pt too wide) in paragraph at lines 27--29
\OT1/cmtt/m/n/10 how
 []


Overfull \hbox (10.49991pt too wide) in paragraph at lines 27--29
\OT1/cmtt/m/n/10 it
 []


Overfull \hbox (31.49973pt too wide) in paragraph at lines 27--29
\OT1/cmtt/m/n/10 works. 
 []


! LaTeX Error: Missing \begin{document}.

See the LaTeX manual or LaTeX Companion for explanation.
Type  H <return>  for immediate help.
 ...                                              
                                                  
l.30 L
      ink for Total implementation Experiment 1 : \\
You're in trouble here.  Try typing  <return>  to proceed.
If that doesn't work, type  X <return>  to quit.

! Undefined control sequence.
<recently read> \url 
                     
l.31 \url
         {https://github.com/Sprea22/Data_Analyzer_Python}
The control sequence at the end of the top line
of your error message was never \def'ed. If you have
misspelled it (e.g., `\hobx'), type `I' and the correct
spelling (e.g., `I\hbox'). Otherwise just continue,
and I'll forget about whatever was undefined.

! Missing $ inserted.
<inserted text> 
                $
l.31 \url{https://github.com/Sprea22/Data_
                                          Analyzer_Python}
I've inserted a begin-math/end-math symbol since I think
you left one out. Proceed, with fingers crossed.

! Extra }, or forgotten $.
l.31 ...//github.com/Sprea22/Data_Analyzer_Python}
                                                  
I've deleted a group-closing symbol because it seems to be
spurious, as in `$x}$'. But perhaps the } is legitimate and
you forgot something else, as in `\hbox{$x}'. In such cases
the way to recover is to insert both the forgotten and the
deleted material, e.g., by typing `I$}'.

! Missing $ inserted.
<inserted text> 
                $
l.32 
     
I've inserted a begin-math/end-math symbol since I think
you left one out. Proceed, with fingers crossed.


Overfull \hbox (40.99982pt too wide) in paragraph at lines 30--32
[]\OT1/cmtt/m/n/10 Link
 []


Overfull \hbox (15.74986pt too wide) in paragraph at lines 30--32
\OT1/cmtt/m/n/10 for
 []


Overfull \hbox (26.24977pt too wide) in paragraph at lines 30--32
\OT1/cmtt/m/n/10 Total
 []


Overfull \hbox (73.49936pt too wide) in paragraph at lines 30--32
\OT1/cmtt/m/n/10 implementation
 []


Overfull \hbox (52.49954pt too wide) in paragraph at lines 30--32
\OT1/cmtt/m/n/10 Experiment
 []


Overfull \hbox (5.24995pt too wide) in paragraph at lines 30--32
\OT1/cmtt/m/n/10 1
 []


Overfull \hbox (5.24995pt too wide) in paragraph at lines 30--32
\OT1/cmtt/m/n/10 : 
 []


Overfull \hbox (235.40263pt too wide) in paragraph at lines 30--32
\OT1/cmtt/m/n/10 https://github.com/Sprea22/Data$[]\OML/cmm/m/it/10 nalyzer[]yt
hon$ 
 []


! LaTeX Error: Missing \begin{document}.

See the LaTeX manual or LaTeX Companion for explanation.
Type  H <return>  for immediate help.
 ...                                              
                                                  
l.33 L
      ink for Total implementation Experiment 2 : \\
You're in trouble here.  Try typing  <return>  to proceed.
If that doesn't work, type  X <return>  to quit.

! Undefined control sequence.
<recently read> \url 
                     
l.34 \url
         {https://github.com/Sprea22/Forecasting_System_Python}
The control sequence at the end of the top line
of your error message was never \def'ed. If you have
misspelled it (e.g., `\hobx'), type `I' and the correct
spelling (e.g., `I\hbox'). Otherwise just continue,
and I'll forget about whatever was undefined.

! Missing $ inserted.
<inserted text> 
                $
l.34 \url{https://github.com/Sprea22/Forecasting_
                                                 System_Python}
I've inserted a begin-math/end-math symbol since I think
you left one out. Proceed, with fingers crossed.

! Extra }, or forgotten $.
l.34 ...hub.com/Sprea22/Forecasting_System_Python}
                                                  
I've deleted a group-closing symbol because it seems to be
spurious, as in `$x}$'. But perhaps the } is legitimate and
you forgot something else, as in `\hbox{$x}'. In such cases
the way to recover is to insert both the forgotten and the
deleted material, e.g., by typing `I$}'.

! Missing $ inserted.
<inserted text> 
                $
l.35 
     
I've inserted a begin-math/end-math symbol since I think
you left one out. Proceed, with fingers crossed.


Overfull \hbox (40.99982pt too wide) in paragraph at lines 33--35
[]\OT1/cmtt/m/n/10 Link
 []


Overfull \hbox (15.74986pt too wide) in paragraph at lines 33--35
\OT1/cmtt/m/n/10 for
 []


Overfull \hbox (26.24977pt too wide) in paragraph at lines 33--35
\OT1/cmtt/m/n/10 Total
 []


Overfull \hbox (73.49936pt too wide) in paragraph at lines 33--35
\OT1/cmtt/m/n/10 implementation
 []


Overfull \hbox (52.49954pt too wide) in paragraph at lines 33--35
\OT1/cmtt/m/n/10 Experiment
 []


Overfull \hbox (5.24995pt too wide) in paragraph at lines 33--35
\OT1/cmtt/m/n/10 2
 []


Overfull \hbox (5.24995pt too wide) in paragraph at lines 33--35
\OT1/cmtt/m/n/10 : 
 []


Overfull \hbox (264.43953pt too wide) in paragraph at lines 33--35
\OT1/cmtt/m/n/10 https://github.com/Sprea22/Forecasting$[]\OML/cmm/m/it/10 yste
m[]ython$ 
 []


! LaTeX Error: Missing \begin{document}.

See the LaTeX manual or LaTeX Companion for explanation.
Type  H <return>  for immediate help.
 ...                                              
                                                  
l.36 \textbf{How to download and test it:}
                                          \\
You're in trouble here.  Try typing  <return>  to proceed.
If that doesn't work, type  X <return>  to quit.

LaTeX Font Info:    Font shape `OT1/cmtt/bx/n' in size <10> not available
(Font)              Font shape `OT1/cmtt/m/n' tried instead on input line 36.

Overfull \hbox (35.74986pt too wide) in paragraph at lines 36--38
[]\OT1/cmtt/m/n/10 How
 []


Overfull \hbox (10.49991pt too wide) in paragraph at lines 36--38
\OT1/cmtt/m/n/10 to
 []


Overfull \hbox (41.99963pt too wide) in paragraph at lines 36--38
\OT1/cmtt/m/n/10 download
 []


Overfull \hbox (15.74986pt too wide) in paragraph at lines 36--38
\OT1/cmtt/m/n/10 and
 []


Overfull \hbox (20.99982pt too wide) in paragraph at lines 36--38
\OT1/cmtt/m/n/10 test
 []


Overfull \hbox (15.74986pt too wide) in paragraph at lines 36--38
\OT1/cmtt/m/n/10 it: 
 []


Overfull \hbox (26.24977pt too wide) in paragraph at lines 36--38
\OT1/cmtt/m/n/10 There
 []


Overfull \hbox (15.74986pt too wide) in paragraph at lines 36--38
\OT1/cmtt/m/n/10 are
 []


Overfull \hbox (15.74986pt too wide) in paragraph at lines 36--38
\OT1/cmtt/m/n/10 two
 []


Overfull \hbox (20.99982pt too wide) in paragraph at lines 36--38
\OT1/cmtt/m/n/10 ways
 []


Overfull \hbox (15.74986pt too wide) in paragraph at lines 36--38
\OT1/cmtt/m/n/10 for
 []


Overfull \hbox (41.99963pt too wide) in paragraph at lines 36--38
\OT1/cmtt/m/n/10 download
 []


Overfull \hbox (15.74986pt too wide) in paragraph at lines 36--38
\OT1/cmtt/m/n/10 it: 
 []


Overfull \hbox (41.99963pt too wide) in paragraph at lines 39--40
\OT1/cmtt/m/n/10 Download
 []


Overfull \hbox (15.74986pt too wide) in paragraph at lines 39--40
\OT1/cmtt/m/n/10 the
 []


Overfull \hbox (15.74986pt too wide) in paragraph at lines 39--40
\OT1/cmtt/m/n/10 ZIP
 []


Overfull \hbox (26.24977pt too wide) in paragraph at lines 39--40
\OT1/cmtt/m/n/10 files
 []


Overfull \hbox (20.99982pt too wide) in paragraph at lines 39--40
\OT1/cmtt/m/n/10 from
 []


Overfull \hbox (15.74986pt too wide) in paragraph at lines 39--40
\OT1/cmtt/m/n/10 the
 []


Overfull \hbox (47.24959pt too wide) in paragraph at lines 39--40
\OT1/cmtt/m/n/10 following
 []


Overfull \hbox (31.49973pt too wide) in paragraph at lines 39--40
\OT1/cmtt/m/n/10 links: 
 []

! Undefined control sequence.
<recently read> \url 
                     
l.42 \url
         {https://codeload.github.com/Sprea22/Data_Analyzer_Python/zip/maste...
The control sequence at the end of the top line
of your error message was never \def'ed. If you have
misspelled it (e.g., `\hobx'), type `I' and the correct
spelling (e.g., `I\hbox'). Otherwise just continue,
and I'll forget about whatever was undefined.

! Missing $ inserted.
<inserted text> 
                $
l.42 ...{https://codeload.github.com/Sprea22/Data_
                                                  Analyzer_Python/zip/master}\\
I've inserted a begin-math/end-math symbol since I think
you left one out. Proceed, with fingers crossed.

! Extra }, or forgotten $.
l.42 ...m/Sprea22/Data_Analyzer_Python/zip/master}
                                                  \\
I've deleted a group-closing symbol because it seems to be
spurious, as in `$x}$'. But perhaps the } is legitimate and
you forgot something else, as in `\hbox{$x}'. In such cases
the way to recover is to insert both the forgotten and the
deleted material, e.g., by typing `I$}'.

! Missing $ inserted.
<inserted text> 
                $
l.43 
     
I've inserted a begin-math/end-math symbol since I think
you left one out. Proceed, with fingers crossed.

! Missing } inserted.
<inserted text> 
                }
l.43 
     
I've inserted something that you may have forgotten.
(See the <inserted text> above.)
With luck, this will get me unwedged. But if you
really didn't forget anything, try typing `2' now; then
my insertion and my current dilemma will both disappear.


Overfull \hbox (31.49973pt too wide) in paragraph at lines 41--43
[]\OT1/cmtt/m/n/10 Direct
 []


Overfull \hbox (20.99982pt too wide) in paragraph at lines 41--43
\OT1/cmtt/m/n/10 link
 []


Overfull \hbox (15.74986pt too wide) in paragraph at lines 41--43
\OT1/cmtt/m/n/10 for
 []


Overfull \hbox (15.74986pt too wide) in paragraph at lines 41--43
\OT1/cmtt/m/n/10 the
 []


Overfull \hbox (36.74968pt too wide) in paragraph at lines 41--43
\OT1/cmtt/m/n/10 already
 []


Overfull \hbox (57.7495pt too wide) in paragraph at lines 41--43
\OT1/cmtt/m/n/10 implemented
 []


Overfull \hbox (20.99982pt too wide) in paragraph at lines 41--43
\OT1/cmtt/m/n/10 Data
 []


Overfull \hbox (41.99963pt too wide) in paragraph at lines 41--43
\OT1/cmtt/m/n/10 Analyzer
 []


Overfull \hbox (10.49991pt too wide) in paragraph at lines 41--43
\OT1/cmtt/m/n/10 in
 []


Overfull \hbox (36.74968pt too wide) in paragraph at lines 41--43
\OT1/cmtt/m/n/10 Python. 
 []


Overfull \hbox (338.0292pt too wide) in paragraph at lines 41--43
\OT1/cmtt/m/n/10 https://codeload.github.com/Sprea22/Data$[]\OML/cmm/m/it/10 na
lyzer[]ython=zip=master[] 
 []

! Undefined control sequence.
<recently read> \url 
                     
l.45 \url
         {https://codeload.github.com/Sprea22/Forecasting_System_Python/zip/...
The control sequence at the end of the top line
of your error message was never \def'ed. If you have
misspelled it (e.g., `\hobx'), type `I' and the correct
spelling (e.g., `I\hbox'). Otherwise just continue,
and I'll forget about whatever was undefined.

! Missing $ inserted.
<inserted text> 
                $
l.45 ...//codeload.github.com/Sprea22/Forecasting_
                                                  System_Python/zip/master}
I've inserted a begin-math/end-math symbol since I think
you left one out. Proceed, with fingers crossed.

! Extra }, or forgotten $.
l.45 ...ea22/Forecasting_System_Python/zip/master}
                                                  
I've deleted a group-closing symbol because it seems to be
spurious, as in `$x}$'. But perhaps the } is legitimate and
you forgot something else, as in `\hbox{$x}'. In such cases
the way to recover is to insert both the forgotten and the
deleted material, e.g., by typing `I$}'.

! Missing $ inserted.
<inserted text> 
                $
l.46 
     
I've inserted a begin-math/end-math symbol since I think
you left one out. Proceed, with fingers crossed.

! Missing } inserted.
<inserted text> 
                }
l.46 
     
I've inserted something that you may have forgotten.
(See the <inserted text> above.)
With luck, this will get me unwedged. But if you
really didn't forget anything, try typing `2' now; then
my insertion and my current dilemma will both disappear.


Overfull \hbox (31.49973pt too wide) in paragraph at lines 44--46
[]\OT1/cmtt/m/n/10 Direct
 []


Overfull \hbox (20.99982pt too wide) in paragraph at lines 44--46
\OT1/cmtt/m/n/10 link
 []


Overfull \hbox (15.74986pt too wide) in paragraph at lines 44--46
\OT1/cmtt/m/n/10 for
 []


Overfull \hbox (15.74986pt too wide) in paragraph at lines 44--46
\OT1/cmtt/m/n/10 the
 []


Overfull \hbox (36.74968pt too wide) in paragraph at lines 44--46
\OT1/cmtt/m/n/10 already
 []


Overfull \hbox (57.7495pt too wide) in paragraph at lines 44--46
\OT1/cmtt/m/n/10 implemented
 []


Overfull \hbox (57.7495pt too wide) in paragraph at lines 44--46
\OT1/cmtt/m/n/10 Forecasting
 []


Overfull \hbox (31.49973pt too wide) in paragraph at lines 44--46
\OT1/cmtt/m/n/10 System
 []


Overfull \hbox (10.49991pt too wide) in paragraph at lines 44--46
\OT1/cmtt/m/n/10 in
 []


Overfull \hbox (36.74968pt too wide) in paragraph at lines 44--46
\OT1/cmtt/m/n/10 Python. 
 []


Overfull \hbox (367.0661pt too wide) in paragraph at lines 44--46
\OT1/cmtt/m/n/10 https://codeload.github.com/Sprea22/Forecasting$[]\OML/cmm/m/i
t/10 ystem[]ython=zip=master[]$ 
 []


! LaTeX Error: The font size command \normalsize is not defined:
               there is probably something wrong with the class file.

See the LaTeX manual or LaTeX Companion for explanation.
Type  H <return>  for immediate help.
 ...                                              
                                                  
l.47 \newpage
             
Your command was ignored.
Type  I <command> <return>  to replace it with another command,
or  <return>  to continue without it.

[1]

! LaTeX Error: Environment lstlisting undefined.

See the LaTeX manual or LaTeX Companion for explanation.
Type  H <return>  for immediate help.
 ...                                              
                                                  
l.49 \begin{lstlisting}
                       
Your command was ignored.
Type  I <command> <return>  to replace it with another command,
or  <return>  to continue without it.


! LaTeX Error: \begin{itemize} on input line 38 ended by \end{lstlisting}.

See the LaTeX manual or LaTeX Companion for explanation.
Type  H <return>  for immediate help.
 ...                                              
                                                  
l.54 \end{lstlisting}
                     
Your command was ignored.
Type  I <command> <return>  to replace it with another command,
or  <return>  to continue without it.


Overfull \hbox (10.49991pt too wide) in paragraph at lines 48--55
\OT1/cmtt/m/n/10 If
 []


Overfull \hbox (15.74986pt too wide) in paragraph at lines 48--55
\OT1/cmtt/m/n/10 you
 []


Overfull \hbox (20.99982pt too wide) in paragraph at lines 48--55
\OT1/cmtt/m/n/10 have
 []


Overfull \hbox (36.74968pt too wide) in paragraph at lines 48--55
\OT1/cmtt/m/n/10 already
 []


Overfull \hbox (47.24959pt too wide) in paragraph at lines 48--55
\OT1/cmtt/m/n/10 installed
 []


Overfull \hbox (31.49973pt too wide) in paragraph at lines 48--55
\OT1/cmtt/m/n/10 github
 []


Overfull \hbox (10.49991pt too wide) in paragraph at lines 48--55
\OT1/cmtt/m/n/10 on
 []


Overfull \hbox (20.99982pt too wide) in paragraph at lines 48--55
\OT1/cmtt/m/n/10 your
 []


Overfull \hbox (47.24959pt too wide) in paragraph at lines 48--55
\OT1/cmtt/m/n/10 computer,
 []


Overfull \hbox (15.74986pt too wide) in paragraph at lines 48--55
\OT1/cmtt/m/n/10 you
 []


Overfull \hbox (15.74986pt too wide) in paragraph at lines 48--55
\OT1/cmtt/m/n/10 can
 []


Overfull \hbox (31.49973pt too wide) in paragraph at lines 48--55
\OT1/cmtt/m/n/10 easily
 []


Overfull \hbox (41.99963pt too wide) in paragraph at lines 48--55
\OT1/cmtt/m/n/10 download
 []


Overfull \hbox (10.49991pt too wide) in paragraph at lines 48--55
\OT1/cmtt/m/n/10 it
 []


Overfull \hbox (41.99963pt too wide) in paragraph at lines 48--55
\OT1/cmtt/m/n/10 creating
 []


Overfull \hbox (5.24995pt too wide) in paragraph at lines 48--55
\OT1/cmtt/m/n/10 a
 []


Overfull \hbox (31.49973pt too wide) in paragraph at lines 48--55
\OT1/cmtt/m/n/10 folder
 []


Overfull \hbox (15.74986pt too wide) in paragraph at lines 48--55
\OT1/cmtt/m/n/10 and
 []


Overfull \hbox (20.99982pt too wide) in paragraph at lines 48--55
\OT1/cmtt/m/n/10 then
 []


Overfull \hbox (31.49973pt too wide) in paragraph at lines 48--55
\OT1/cmtt/m/n/10 inside
 []


Overfull \hbox (20.99982pt too wide) in paragraph at lines 48--55
\OT1/cmtt/m/n/10 that
 []


Overfull \hbox (31.49973pt too wide) in paragraph at lines 48--55
\OT1/cmtt/m/n/10 folder
 []


Overfull \hbox (20.99982pt too wide) in paragraph at lines 48--55
\OT1/cmtt/m/n/10 open
 []


Overfull \hbox (5.24995pt too wide) in paragraph at lines 48--55
\OT1/cmtt/m/n/10 a
 []


Overfull \hbox (41.99963pt too wide) in paragraph at lines 48--55
\OT1/cmtt/m/n/10 terminal
 []


Overfull \hbox (26.24977pt too wide) in paragraph at lines 48--55
\OT1/cmtt/m/n/10 shell
 []


Overfull \hbox (15.74986pt too wide) in paragraph at lines 48--55
\OT1/cmtt/m/n/10 and
 []


Overfull \hbox (36.74968pt too wide) in paragraph at lines 48--55
\OT1/cmtt/m/n/10 execute
 []


Overfull \hbox (15.74986pt too wide) in paragraph at lines 48--55
\OT1/cmtt/m/n/10 the
 []


Overfull \hbox (47.24959pt too wide) in paragraph at lines 48--55
\OT1/cmtt/m/n/10 following
 []


Overfull \hbox (47.24959pt too wide) in paragraph at lines 48--55
\OT1/cmtt/m/n/10 commands: 
 []


Overfull \hbox (15.74986pt too wide) in paragraph at lines 48--55
\OT1/cmtt/m/n/10 git
 []


Overfull \hbox (20.99982pt too wide) in paragraph at lines 48--55
\OT1/cmtt/m/n/10 init
 []


Overfull \hbox (15.74986pt too wide) in paragraph at lines 48--55
\OT1/cmtt/m/n/10 git
 []


Overfull \hbox (31.49973pt too wide) in paragraph at lines 48--55
\OT1/cmtt/m/n/10 remote
 []


Overfull \hbox (15.74986pt too wide) in paragraph at lines 48--55
\OT1/cmtt/m/n/10 add
 []


Overfull \hbox (31.49973pt too wide) in paragraph at lines 48--55
\OT1/cmtt/m/n/10 origin
 []


Overfull \hbox (141.74876pt too wide) in paragraph at lines 48--55
\OT1/cmtt/m/n/10 https://github.com/Sprea22/
 []


Overfull \hbox (123.0589pt too wide) in paragraph at lines 48--55
\OT1/cmtt/m/n/10 Data[]Analyzer[]Python.git
 []


Overfull \hbox (15.74986pt too wide) in paragraph at lines 48--55
\OT1/cmtt/m/n/10 git
 []


Overfull \hbox (20.99982pt too wide) in paragraph at lines 48--55
\OT1/cmtt/m/n/10 pull
 []


Overfull \hbox (31.49973pt too wide) in paragraph at lines 48--55
\OT1/cmtt/m/n/10 origin
 []


Overfull \hbox (31.49973pt too wide) in paragraph at lines 48--55
\OT1/cmtt/m/n/10 master
 []


Overfull \hbox (52.49954pt too wide) in paragraph at lines 56--57
[]\OT1/cmtt/m/n/10 Otherwise: 
 []


! LaTeX Error: Environment lstlisting undefined.

See the LaTeX manual or LaTeX Companion for explanation.
Type  H <return>  for immediate help.
 ...                                              
                                                  
l.58 \begin{lstlisting}
                       
Your command was ignored.
Type  I <command> <return>  to replace it with another command,
or  <return>  to continue without it.


! LaTeX Error: \begin{itemize} on input line 38 ended by \end{lstlisting}.

See the LaTeX manual or LaTeX Companion for explanation.
Type  H <return>  for immediate help.
 ...                                              
                                                  
l.63 \end{lstlisting}
                     
Your command was ignored.
Type  I <command> <return>  to replace it with another command,
or  <return>  to continue without it.


Overfull \hbox (15.74986pt too wide) in paragraph at lines 59--64
[]\OT1/cmtt/m/n/10 git
 []


Overfull \hbox (20.99982pt too wide) in paragraph at lines 59--64
\OT1/cmtt/m/n/10 init
 []


Overfull \hbox (15.74986pt too wide) in paragraph at lines 59--64
\OT1/cmtt/m/n/10 git
 []


Overfull \hbox (31.49973pt too wide) in paragraph at lines 59--64
\OT1/cmtt/m/n/10 remote
 []


Overfull \hbox (15.74986pt too wide) in paragraph at lines 59--64
\OT1/cmtt/m/n/10 add
 []


Overfull \hbox (31.49973pt too wide) in paragraph at lines 59--64
\OT1/cmtt/m/n/10 origin
 []


Overfull \hbox (141.74876pt too wide) in paragraph at lines 59--64
\OT1/cmtt/m/n/10 https://github.com/Sprea22/
 []


Overfull \hbox (149.30867pt too wide) in paragraph at lines 59--64
\OT1/cmtt/m/n/10 Forecasting[]System[]Python.git
 []


Overfull \hbox (15.74986pt too wide) in paragraph at lines 59--64
\OT1/cmtt/m/n/10 git
 []


Overfull \hbox (20.99982pt too wide) in paragraph at lines 59--64
\OT1/cmtt/m/n/10 pull
 []


Overfull \hbox (31.49973pt too wide) in paragraph at lines 59--64
\OT1/cmtt/m/n/10 origin
 []


Overfull \hbox (31.49973pt too wide) in paragraph at lines 59--64
\OT1/cmtt/m/n/10 master 
 []


Overfull \hbox (40.99982pt too wide) in paragraph at lines 66--67
[]\OT1/cmtt/m/n/10 Once
 []


Overfull \hbox (15.74986pt too wide) in paragraph at lines 66--67
\OT1/cmtt/m/n/10 you
 []


Overfull \hbox (52.49954pt too wide) in paragraph at lines 66--67
\OT1/cmtt/m/n/10 downloaded
 []


Overfull \hbox (10.49991pt too wide) in paragraph at lines 66--67
\OT1/cmtt/m/n/10 it
 []


Overfull \hbox (15.74986pt too wide) in paragraph at lines 66--67
\OT1/cmtt/m/n/10 you
 []


Overfull \hbox (20.99982pt too wide) in paragraph at lines 66--67
\OT1/cmtt/m/n/10 will
 []


Overfull \hbox (20.99982pt too wide) in paragraph at lines 66--67
\OT1/cmtt/m/n/10 find
 []


Overfull \hbox (5.24995pt too wide) in paragraph at lines 66--67
\OT1/cmtt/m/n/10 a
 []


Overfull \hbox (31.49973pt too wide) in paragraph at lines 66--67
\OT1/cmtt/m/n/10 readMe
 []


Overfull \hbox (31.49973pt too wide) in paragraph at lines 66--67
\OT1/cmtt/m/n/10 inside
 []


Overfull \hbox (20.99982pt too wide) in paragraph at lines 66--67
\OT1/cmtt/m/n/10 both
 []


Overfull \hbox (15.74986pt too wide) in paragraph at lines 66--67
\OT1/cmtt/m/n/10 the
 []


Overfull \hbox (52.49954pt too wide) in paragraph at lines 66--67
\OT1/cmtt/m/n/10 repository
 []


Overfull \hbox (20.99982pt too wide) in paragraph at lines 66--67
\OT1/cmtt/m/n/10 that
 []


Overfull \hbox (20.99982pt too wide) in paragraph at lines 66--67
\OT1/cmtt/m/n/10 will
 []


Overfull \hbox (36.74968pt too wide) in paragraph at lines 66--67
\OT1/cmtt/m/n/10 explain
 []


Overfull \hbox (20.99982pt too wide) in paragraph at lines 66--67
\OT1/cmtt/m/n/10 your
 []


Overfull \hbox (15.74986pt too wide) in paragraph at lines 66--67
\OT1/cmtt/m/n/10 how
 []


Overfull \hbox (10.49991pt too wide) in paragraph at lines 66--67
\OT1/cmtt/m/n/10 to
 []


Overfull \hbox (36.74968pt too wide) in paragraph at lines 66--67
\OT1/cmtt/m/n/10 execute
 []


Overfull \hbox (15.74986pt too wide) in paragraph at lines 66--67
\OT1/cmtt/m/n/10 and
 []


Overfull \hbox (15.74986pt too wide) in paragraph at lines 66--67
\OT1/cmtt/m/n/10 how
 []


Overfull \hbox (10.49991pt too wide) in paragraph at lines 66--67
\OT1/cmtt/m/n/10 to
 []


Overfull \hbox (20.99982pt too wide) in paragraph at lines 66--67
\OT1/cmtt/m/n/10 test
 []


Overfull \hbox (15.74986pt too wide) in paragraph at lines 66--67
\OT1/cmtt/m/n/10 it. 
 []

! Undefined control sequence.
l.68 \part
          {Data collection and validation}
The control sequence at the end of the top line
of your error message was never \def'ed. If you have
misspelled it (e.g., `\hobx'), type `I' and the correct
spelling (e.g., `I\hbox'). Otherwise just continue,
and I'll forget about whatever was undefined.


Overfull \hbox (40.99982pt too wide) in paragraph at lines 68--69
[]\OT1/cmtt/m/n/10 Data
 []


Overfull \hbox (52.49954pt too wide) in paragraph at lines 68--69
\OT1/cmtt/m/n/10 collection
 []


Overfull \hbox (15.74986pt too wide) in paragraph at lines 68--69
\OT1/cmtt/m/n/10 and
 []


Overfull \hbox (52.49954pt too wide) in paragraph at lines 68--69
\OT1/cmtt/m/n/10 validation 
 []


! LaTeX Error: The font size command \normalsize is not defined:
               there is probably something wrong with the class file.

See the LaTeX manual or LaTeX Companion for explanation.
Type  H <return>  for immediate help.
 ...                                              
                                                  
l.69 \newpage
             
Your command was ignored.
Type  I <command> <return>  to replace it with another command,
or  <return>  to continue without it.

[2]
! Undefined control sequence.
l.70 \section
             {Data collection}
The control sequence at the end of the top line
of your error message was never \def'ed. If you have
misspelled it (e.g., `\hobx'), type `I' and the correct
spelling (e.g., `I\hbox'). Otherwise just continue,
and I'll forget about whatever was undefined.


Overfull \hbox (40.99982pt too wide) in paragraph at lines 70--72
[]\OT1/cmtt/m/n/10 Data
 []


Overfull \hbox (52.49954pt too wide) in paragraph at lines 70--72
\OT1/cmtt/m/n/10 collection
 []


Overfull \hbox (31.49973pt too wide) in paragraph at lines 70--72
\OT1/cmtt/m/n/10 During
 []


Overfull \hbox (20.99982pt too wide) in paragraph at lines 70--72
\OT1/cmtt/m/n/10 this
 []


Overfull \hbox (26.24977pt too wide) in paragraph at lines 70--72
\OT1/cmtt/m/n/10 phase
 []


Overfull \hbox (10.49991pt too wide) in paragraph at lines 70--72
\OT1/cmtt/m/n/10 is
 []


Overfull \hbox (47.24959pt too wide) in paragraph at lines 70--72
\OT1/cmtt/m/n/10 important
 []


Overfull \hbox (10.49991pt too wide) in paragraph at lines 70--72
\OT1/cmtt/m/n/10 to
 []


Overfull \hbox (10.49991pt too wide) in paragraph at lines 70--72
\OT1/cmtt/m/n/10 be
 []


Overfull \hbox (20.99982pt too wide) in paragraph at lines 70--72
\OT1/cmtt/m/n/10 sure
 []


Overfull \hbox (10.49991pt too wide) in paragraph at lines 70--72
\OT1/cmtt/m/n/10 to
 []


Overfull \hbox (20.99982pt too wide) in paragraph at lines 70--72
\OT1/cmtt/m/n/10 have
 []


Overfull \hbox (15.74986pt too wide) in paragraph at lines 70--72
\OT1/cmtt/m/n/10 all
 []


Overfull \hbox (15.74986pt too wide) in paragraph at lines 70--72
\OT1/cmtt/m/n/10 the
 []


Overfull \hbox (20.99982pt too wide) in paragraph at lines 70--72
\OT1/cmtt/m/n/10 data
 []


Overfull \hbox (20.99982pt too wide) in paragraph at lines 70--72
\OT1/cmtt/m/n/10 that
 []


Overfull \hbox (10.49991pt too wide) in paragraph at lines 70--72
\OT1/cmtt/m/n/10 we
 []


Overfull \hbox (15.74986pt too wide) in paragraph at lines 70--72
\OT1/cmtt/m/n/10 are
 []


Overfull \hbox (26.24977pt too wide) in paragraph at lines 70--72
\OT1/cmtt/m/n/10 going
 []


Overfull \hbox (10.49991pt too wide) in paragraph at lines 70--72
\OT1/cmtt/m/n/10 to
 []


Overfull \hbox (26.24977pt too wide) in paragraph at lines 70--72
\OT1/cmtt/m/n/10 need.
 []


Overfull \hbox (31.49973pt too wide) in paragraph at lines 70--72
\OT1/cmtt/m/n/10 During
 []


Overfull \hbox (20.99982pt too wide) in paragraph at lines 70--72
\OT1/cmtt/m/n/10 this
 []


Overfull \hbox (52.49954pt too wide) in paragraph at lines 70--72
\OT1/cmtt/m/n/10 particular
 []


Overfull \hbox (73.49936pt too wide) in paragraph at lines 70--72
\OT1/cmtt/m/n/10 implementation
 []


Overfull \hbox (10.49991pt too wide) in paragraph at lines 70--72
\OT1/cmtt/m/n/10 we
 []


Overfull \hbox (20.99982pt too wide) in paragraph at lines 70--72
\OT1/cmtt/m/n/10 need
 []


Overfull \hbox (15.74986pt too wide) in paragraph at lines 70--72
\OT1/cmtt/m/n/10 the
 []


Overfull \hbox (5.24995pt too wide) in paragraph at lines 70--72
\OT1/cmtt/m/n/10 7
 []


Overfull \hbox (26.24977pt too wide) in paragraph at lines 70--72
\OT1/cmtt/m/n/10 input
 []


Overfull \hbox (36.74968pt too wide) in paragraph at lines 70--72
\OT1/cmtt/m/n/10 dataset
 []


Overfull \hbox (36.74968pt too wide) in paragraph at lines 70--72
\OT1/cmtt/m/n/10 written
 []


Overfull \hbox (26.24977pt too wide) in paragraph at lines 70--72
\OT1/cmtt/m/n/10 above
 []


Overfull \hbox (10.49991pt too wide) in paragraph at lines 70--72
\OT1/cmtt/m/n/10 in
 []


Overfull \hbox (15.74986pt too wide) in paragraph at lines 70--72
\OT1/cmtt/m/n/10 the
 []


Overfull \hbox (41.99963pt too wide) in paragraph at lines 70--72
\OT1/cmtt/m/n/10 "Dataset
 []


Overfull \hbox (52.49954pt too wide) in paragraph at lines 70--72
\OT1/cmtt/m/n/10 structure"
 []


Overfull \hbox (41.99963pt too wide) in paragraph at lines 70--72
\OT1/cmtt/m/n/10 section,
 []


Overfull \hbox (15.74986pt too wide) in paragraph at lines 70--72
\OT1/cmtt/m/n/10 and
 []


Overfull \hbox (26.24977pt too wide) in paragraph at lines 70--72
\OT1/cmtt/m/n/10 below
 []


Overfull \hbox (20.99982pt too wide) in paragraph at lines 70--72
\OT1/cmtt/m/n/10 here
 []


Overfull \hbox (15.74986pt too wide) in paragraph at lines 70--72
\OT1/cmtt/m/n/10 you
 []


Overfull \hbox (15.74986pt too wide) in paragraph at lines 70--72
\OT1/cmtt/m/n/10 can
 []


Overfull \hbox (20.99982pt too wide) in paragraph at lines 70--72
\OT1/cmtt/m/n/10 find
 []


Overfull \hbox (15.74986pt too wide) in paragraph at lines 70--72
\OT1/cmtt/m/n/10 the
 []


Overfull \hbox (20.99982pt too wide) in paragraph at lines 70--72
\OT1/cmtt/m/n/10 link
 []


Overfull \hbox (10.49991pt too wide) in paragraph at lines 70--72
\OT1/cmtt/m/n/10 of
 []


Overfull \hbox (15.74986pt too wide) in paragraph at lines 70--72
\OT1/cmtt/m/n/10 the
 []


Overfull \hbox (36.74968pt too wide) in paragraph at lines 70--72
\OT1/cmtt/m/n/10 website
 []


Overfull \hbox (26.24977pt too wide) in paragraph at lines 70--72
\OT1/cmtt/m/n/10 where
 []


Overfull \hbox (15.74986pt too wide) in paragraph at lines 70--72
\OT1/cmtt/m/n/10 you
 []


Overfull \hbox (15.74986pt too wide) in paragraph at lines 70--72
\OT1/cmtt/m/n/10 can
 []


Overfull \hbox (41.99963pt too wide) in paragraph at lines 70--72
\OT1/cmtt/m/n/10 download
 []


Overfull \hbox (15.74986pt too wide) in paragraph at lines 70--72
\OT1/cmtt/m/n/10 all
 []


Overfull \hbox (15.74986pt too wide) in paragraph at lines 70--72
\OT1/cmtt/m/n/10 the
 []


Overfull \hbox (31.49973pt too wide) in paragraph at lines 70--72
\OT1/cmtt/m/n/10 needed
 []


Overfull \hbox (41.99963pt too wide) in paragraph at lines 70--72
\OT1/cmtt/m/n/10 datasets
 []


Overfull \hbox (15.74986pt too wide) in paragraph at lines 70--72
\OT1/cmtt/m/n/10 for
 []


Overfull \hbox (20.99982pt too wide) in paragraph at lines 70--72
\OT1/cmtt/m/n/10 this
 []


Overfull \hbox (41.99963pt too wide) in paragraph at lines 70--72
\OT1/cmtt/m/n/10 example. 
 []

! Undefined control sequence.
<recently read> \url 
                     
l.74 \url
         {http://www.fiskeridir.no/Akvakultur/Statistikk-akvakultur/Biomasse...
The control sequence at the end of the top line
of your error message was never \def'ed. If you have
misspelled it (e.g., `\hobx'), type `I' and the correct
spelling (e.g., `I\hbox'). Otherwise just continue,
and I'll forget about whatever was undefined.


Overfull \hbox (61.99963pt too wide) in paragraph at lines 73--75
[]\OT1/cmtt/m/n/10 Datasets
 []


Overfull \hbox (47.24959pt too wide) in paragraph at lines 73--75
\OT1/cmtt/m/n/10 downloads
 []


Overfull \hbox (41.99963pt too wide) in paragraph at lines 73--75
\OT1/cmtt/m/n/10 website: 
 []


Overfull \hbox (398.99652pt too wide) in paragraph at lines 73--75
\OT1/cmtt/m/n/10 http://www.fiskeridir.no/Akvakultur/Statistikk-akvakultur/Biom
assestatistikk 
 []

! Undefined control sequence.
l.77 \subsection
                {Data sources}
The control sequence at the end of the top line
of your error message was never \def'ed. If you have
misspelled it (e.g., `\hobx'), type `I' and the correct
spelling (e.g., `I\hbox'). Otherwise just continue,
and I'll forget about whatever was undefined.

! Undefined control sequence.
l.78 \subsection
                {Data description and validation}
The control sequence at the end of the top line
of your error message was never \def'ed. If you have
misspelled it (e.g., `\hobx'), type `I' and the correct
spelling (e.g., `I\hbox'). Otherwise just continue,
and I'll forget about whatever was undefined.

! Undefined control sequence.
l.79 \section
             {Increase accessibility and availability of data}
The control sequence at the end of the top line
of your error message was never \def'ed. If you have
misspelled it (e.g., `\hobx'), type `I' and the correct
spelling (e.g., `I\hbox'). Otherwise just continue,
and I'll forget about whatever was undefined.


Overfull \hbox (35.74986pt too wide) in paragraph at lines 76--80
[]\OT1/cmtt/m/n/10 The
 []


Overfull \hbox (41.99963pt too wide) in paragraph at lines 76--80
\OT1/cmtt/m/n/10 datasets
 []


Overfull \hbox (20.99982pt too wide) in paragraph at lines 76--80
\OT1/cmtt/m/n/10 that
 []


Overfull \hbox (15.74986pt too wide) in paragraph at lines 76--80
\OT1/cmtt/m/n/10 you
 []


Overfull \hbox (15.74986pt too wide) in paragraph at lines 76--80
\OT1/cmtt/m/n/10 can
 []


Overfull \hbox (41.99963pt too wide) in paragraph at lines 76--80
\OT1/cmtt/m/n/10 download
 []


Overfull \hbox (10.49991pt too wide) in paragraph at lines 76--80
\OT1/cmtt/m/n/10 on
 []


Overfull \hbox (20.99982pt too wide) in paragraph at lines 76--80
\OT1/cmtt/m/n/10 this
 []


Overfull \hbox (36.74968pt too wide) in paragraph at lines 76--80
\OT1/cmtt/m/n/10 website
 []


Overfull \hbox (15.74986pt too wide) in paragraph at lines 76--80
\OT1/cmtt/m/n/10 are
 []


Overfull \hbox (10.49991pt too wide) in paragraph at lines 76--80
\OT1/cmtt/m/n/10 in
 []


Overfull \hbox (5.24995pt too wide) in paragraph at lines 76--80
\OT1/cmtt/m/n/10 a
 []


Overfull \hbox (47.24959pt too wide) in paragraph at lines 76--80
\OT1/cmtt/m/n/10 different
 []


Overfull \hbox (31.49973pt too wide) in paragraph at lines 76--80
\OT1/cmtt/m/n/10 format
 []


Overfull \hbox (20.99982pt too wide) in paragraph at lines 76--80
\OT1/cmtt/m/n/10 than
 []


Overfull \hbox (15.74986pt too wide) in paragraph at lines 76--80
\OT1/cmtt/m/n/10 the
 []


Overfull \hbox (15.74986pt too wide) in paragraph at lines 76--80
\OT1/cmtt/m/n/10 one
 []


Overfull \hbox (10.49991pt too wide) in paragraph at lines 76--80
\OT1/cmtt/m/n/10 we
 []


Overfull \hbox (20.99982pt too wide) in paragraph at lines 76--80
\OT1/cmtt/m/n/10 will
 []


Overfull \hbox (26.24977pt too wide) in paragraph at lines 76--80
\OT1/cmtt/m/n/10 need,
 []


Overfull \hbox (15.74986pt too wide) in paragraph at lines 76--80
\OT1/cmtt/m/n/10 but
 []


Overfull \hbox (15.74986pt too wide) in paragraph at lines 76--80
\OT1/cmtt/m/n/10 for
 []


Overfull \hbox (31.49973pt too wide) in paragraph at lines 76--80
\OT1/cmtt/m/n/10 better
 []


Overfull \hbox (52.49954pt too wide) in paragraph at lines 76--80
\OT1/cmtt/m/n/10 understand
 []


Overfull \hbox (15.74986pt too wide) in paragraph at lines 76--80
\OT1/cmtt/m/n/10 the
 []


Overfull \hbox (36.74968pt too wide) in paragraph at lines 76--80
\OT1/cmtt/m/n/10 meaning
 []


Overfull \hbox (10.49991pt too wide) in paragraph at lines 76--80
\OT1/cmtt/m/n/10 of
 []


Overfull \hbox (15.74986pt too wide) in paragraph at lines 76--80
\OT1/cmtt/m/n/10 the
 []


Overfull \hbox (20.99982pt too wide) in paragraph at lines 76--80
\OT1/cmtt/m/n/10 data
 []


Overfull \hbox (15.74986pt too wide) in paragraph at lines 76--80
\OT1/cmtt/m/n/10 are
 []


Overfull \hbox (31.49973pt too wide) in paragraph at lines 76--80
\OT1/cmtt/m/n/10 useful
 []


Overfull \hbox (26.24977pt too wide) in paragraph at lines 76--80
\OT1/cmtt/m/n/10 since
 []


Overfull \hbox (15.74986pt too wide) in paragraph at lines 76--80
\OT1/cmtt/m/n/10 are
 []


Overfull \hbox (10.49991pt too wide) in paragraph at lines 76--80
\OT1/cmtt/m/n/10 in
 []


Overfull \hbox (20.99982pt too wide) in paragraph at lines 76--80
\OT1/cmtt/m/n/10 XLSX
 []


Overfull \hbox (36.74968pt too wide) in paragraph at lines 76--80
\OT1/cmtt/m/n/10 format,
 []


Overfull \hbox (41.99963pt too wide) in paragraph at lines 76--80
\OT1/cmtt/m/n/10 splitted
 []


Overfull \hbox (10.49991pt too wide) in paragraph at lines 76--80
\OT1/cmtt/m/n/10 in
 []


Overfull \hbox (26.24977pt too wide) in paragraph at lines 76--80
\OT1/cmtt/m/n/10 clear
 []


Overfull \hbox (31.49973pt too wide) in paragraph at lines 76--80
\OT1/cmtt/m/n/10 tables
 []


Overfull \hbox (15.74986pt too wide) in paragraph at lines 76--80
\OT1/cmtt/m/n/10 and
 []


Overfull \hbox (20.99982pt too wide) in paragraph at lines 76--80
\OT1/cmtt/m/n/10 well
 []


Overfull \hbox (47.24959pt too wide) in paragraph at lines 76--80
\OT1/cmtt/m/n/10 commented
 []


Overfull \hbox (26.24977pt too wide) in paragraph at lines 76--80
\OT1/cmtt/m/n/10 (only
 []


Overfull \hbox (10.49991pt too wide) in paragraph at lines 76--80
\OT1/cmtt/m/n/10 in
 []


Overfull \hbox (57.7495pt too wide) in paragraph at lines 76--80
\OT1/cmtt/m/n/10 norwegian).
 []


Overfull \hbox (20.99982pt too wide) in paragraph at lines 76--80
\OT1/cmtt/m/n/10 Data
 []


Overfull \hbox (36.74968pt too wide) in paragraph at lines 76--80
\OT1/cmtt/m/n/10 sources
 []


Overfull \hbox (20.99982pt too wide) in paragraph at lines 76--80
\OT1/cmtt/m/n/10 Data
 []


Overfull \hbox (57.7495pt too wide) in paragraph at lines 76--80
\OT1/cmtt/m/n/10 description
 []


Overfull \hbox (15.74986pt too wide) in paragraph at lines 76--80
\OT1/cmtt/m/n/10 and
 []


Overfull \hbox (52.49954pt too wide) in paragraph at lines 76--80
\OT1/cmtt/m/n/10 validation
 []


Overfull \hbox (41.99963pt too wide) in paragraph at lines 76--80
\OT1/cmtt/m/n/10 Increase
 []


Overfull \hbox (68.2494pt too wide) in paragraph at lines 76--80
\OT1/cmtt/m/n/10 accessibility
 []


Overfull \hbox (15.74986pt too wide) in paragraph at lines 76--80
\OT1/cmtt/m/n/10 and
 []


Overfull \hbox (62.99945pt too wide) in paragraph at lines 76--80
\OT1/cmtt/m/n/10 availability
 []


Overfull \hbox (10.49991pt too wide) in paragraph at lines 76--80
\OT1/cmtt/m/n/10 of
 []


Overfull \hbox (20.99982pt too wide) in paragraph at lines 76--80
\OT1/cmtt/m/n/10 data 
 []

! Undefined control sequence.
l.81 \part
          {Data analysis}
The control sequence at the end of the top line
of your error message was never \def'ed. If you have
misspelled it (e.g., `\hobx'), type `I' and the correct
spelling (e.g., `I\hbox'). Otherwise just continue,
and I'll forget about whatever was undefined.


! LaTeX Error: File `Chapters/Chapter4-1.tex' not found.

Type X to quit or <RETURN> to proceed,
or enter new name. (Default extension: tex)

Enter file name: 
! Emergency stop.
<read *> 
         
l.82 \input{Chapters/Chapter4-1}
                                 % Data analysis^^M
*** (cannot \read from terminal in nonstop modes)

 
Here is how much of TeX's memory you used:
 20 strings out of 493030
 298 string characters out of 6136261
 56346 words of memory out of 5000000
 3652 multiletter control sequences out of 15000+600000
 3808 words of font info for 15 fonts, out of 8000000 for 9000
 1141 hyphenation exceptions out of 8191
 18i,4n,12p,337b,206s stack positions out of 5000i,500n,10000p,200000b,80000s
Output written on Chapter4.dvi (2 pages, 2692 bytes).
